[debug] [2024-09-11T11:30:35.189Z] ----------------------------------------------------------------------
[debug] [2024-09-11T11:30:35.193Z] Command:       C:\Program Files\nodejs\node.exe C:\Users\GT\AppData\Roaming\npm\node_modules\firebase-tools\lib\bin\firebase.js init
[debug] [2024-09-11T11:30:35.194Z] CLI Version:   13.16.0
[debug] [2024-09-11T11:30:35.194Z] Platform:      win32
[debug] [2024-09-11T11:30:35.194Z] Node Version:  v21.3.0
[debug] [2024-09-11T11:30:35.195Z] Time:          Wed Sep 11 2024 17:00:35 GMT+0530 (India Standard Time)
[debug] [2024-09-11T11:30:35.195Z] ----------------------------------------------------------------------
[debug] 
[debug] [2024-09-11T11:30:35.209Z] > command requires scopes: ["email","openid","https://www.googleapis.com/auth/cloudplatformprojects.readonly","https://www.googleapis.com/auth/firebase","https://www.googleapis.com/auth/cloud-platform"]
[debug] [2024-09-11T11:30:35.210Z] > authorizing via signed-in user (mkeerthilakshmi@gmail.com)
[info] 
     ######## #### ########  ######## ########     ###     ######  ########
     ##        ##  ##     ## ##       ##     ##  ##   ##  ##       ##
     ######    ##  ########  ######   ########  #########  ######  ######
     ##        ##  ##    ##  ##       ##     ## ##     ##       ## ##
     ##       #### ##     ## ######## ########  ##     ##  ######  ########

You're about to initialize a Firebase project in this directory:

  C:\Keerthi\react\training

Before we get started, keep in mind:

  * You are currently outside your home directory

